<?xml version="1.0" encoding="UTF-8"?>
<!-- Generated by org.testng.reporters.JUnitReportReporter -->
<testsuite hostname="LAPTOP-DKK8GEOT" name="com.pratian.saucedemo.automation.testclasses.TestSignIn" tests="1" failures="0" timestamp="12 Feb 2021 03:33:44 GMT" time="4.598" errors="0">
  <testcase name="signIn" time="4.598" classname="com.pratian.saucedemo.automation.testclasses.TestSignIn"/>
</testsuite> <!-- com.pratian.saucedemo.automation.testclasses.TestSignIn -->
