<?xml version="1.0" encoding="UTF-8"?>
<!-- Generated by org.testng.reporters.JUnitReportReporter -->
<testsuite hostname="LAPTOP-DKK8GEOT" name="com.pratian.saucedemo.automation.testclasses.AddTocart" tests="1" failures="0" timestamp="12 Feb 2021 03:35:26 GMT" time="5.594" errors="0">
  <testcase name="signIn" time="5.594" classname="com.pratian.saucedemo.automation.testclasses.AddTocart"/>
</testsuite> <!-- com.pratian.saucedemo.automation.testclasses.AddTocart -->
